mode: set
github.com/nanux-io/thttp/middlewares.go:11.56,12.67 1 1
github.com/nanux-io/thttp/middlewares.go:12.67,15.17 2 1
github.com/nanux-io/thttp/middlewares.go:19.3,19.34 1 1
github.com/nanux-io/thttp/middlewares.go:23.3,23.22 1 1
github.com/nanux-io/thttp/middlewares.go:15.17,17.4 1 0
github.com/nanux-io/thttp/middlewares.go:19.34,21.4 1 1
github.com/nanux-io/thttp/options.go:27.71,28.19 1 1
github.com/nanux-io/thttp/options.go:38.2,38.19 1 1
github.com/nanux-io/thttp/options.go:42.2,42.20 1 1
github.com/nanux-io/thttp/options.go:46.2,46.19 1 1
github.com/nanux-io/thttp/options.go:50.2,50.21 1 1
github.com/nanux-io/thttp/options.go:54.2,54.22 1 1
github.com/nanux-io/thttp/options.go:58.2,58.20 1 1
github.com/nanux-io/thttp/options.go:62.2,62.23 1 1
github.com/nanux-io/thttp/options.go:66.2,66.8 1 1
github.com/nanux-io/thttp/options.go:28.19,36.3 7 1
github.com/nanux-io/thttp/options.go:38.19,40.3 1 1
github.com/nanux-io/thttp/options.go:42.20,44.3 1 1
github.com/nanux-io/thttp/options.go:46.19,48.3 1 1
github.com/nanux-io/thttp/options.go:50.21,52.3 1 1
github.com/nanux-io/thttp/options.go:54.22,56.3 1 1
github.com/nanux-io/thttp/options.go:58.20,60.3 1 1
github.com/nanux-io/thttp/options.go:62.23,64.3 1 1
github.com/nanux-io/thttp/options.go:70.46,75.2 1 1
github.com/nanux-io/thttp/options.go:78.47,83.2 1 1
github.com/nanux-io/thttp/options.go:86.46,91.2 1 1
github.com/nanux-io/thttp/options.go:94.48,99.2 1 1
github.com/nanux-io/thttp/options.go:102.49,107.2 1 1
github.com/nanux-io/thttp/options.go:110.47,115.2 1 1
github.com/nanux-io/thttp/options.go:118.50,123.2 1 1
github.com/nanux-io/thttp/options.go:126.46,131.2 1 1
github.com/nanux-io/thttp/thttp.go:31.41,32.52 1 1
github.com/nanux-io/thttp/thttp.go:103.2,105.39 2 1
github.com/nanux-io/thttp/thttp.go:32.52,41.62 5 1
github.com/nanux-io/thttp/thttp.go:47.3,55.18 3 1
github.com/nanux-io/thttp/thttp.go:62.3,72.17 3 1
github.com/nanux-io/thttp/thttp.go:95.3,95.18 1 1
github.com/nanux-io/thttp/thttp.go:99.3,100.9 2 1
github.com/nanux-io/thttp/thttp.go:41.62,45.4 3 1
github.com/nanux-io/thttp/thttp.go:55.18,59.4 3 1
github.com/nanux-io/thttp/thttp.go:72.17,73.27 1 1
github.com/nanux-io/thttp/thttp.go:79.4,83.19 2 1
github.com/nanux-io/thttp/thttp.go:88.4,90.10 2 1
github.com/nanux-io/thttp/thttp.go:73.27,77.5 3 1
github.com/nanux-io/thttp/thttp.go:83.19,86.5 2 1
github.com/nanux-io/thttp/thttp.go:95.18,97.4 1 1
github.com/nanux-io/thttp/thttp.go:109.43,112.43 2 1
github.com/nanux-io/thttp/thttp.go:116.2,116.8 1 1
github.com/nanux-io/thttp/thttp.go:112.43,114.3 1 0
github.com/nanux-io/thttp/thttp.go:120.75,123.17 2 1
github.com/nanux-io/thttp/thttp.go:130.2,132.17 2 1
github.com/nanux-io/thttp/thttp.go:139.2,141.39 2 1
github.com/nanux-io/thttp/thttp.go:152.2,152.12 1 1
github.com/nanux-io/thttp/thttp.go:123.17,128.3 3 1
github.com/nanux-io/thttp/thttp.go:132.17,137.3 3 1
github.com/nanux-io/thttp/thttp.go:141.39,142.54 1 1
github.com/nanux-io/thttp/thttp.go:149.3,149.40 1 1
github.com/nanux-io/thttp/thttp.go:142.54,147.4 3 1
github.com/nanux-io/thttp/thttp.go:156.78,157.25 1 1
github.com/nanux-io/thttp/thttp.go:164.2,166.12 2 1
github.com/nanux-io/thttp/thttp.go:157.25,162.3 3 1
github.com/nanux-io/thttp/thttp.go:176.50,183.2 1 1
github.com/nanux-io/thttp/utils.go:12.78,15.17 2 1
github.com/nanux-io/thttp/utils.go:21.2,23.17 2 1
github.com/nanux-io/thttp/utils.go:29.2,29.8 1 1
github.com/nanux-io/thttp/utils.go:15.17,19.3 2 1
github.com/nanux-io/thttp/utils.go:23.17,27.3 2 1
