mode: set
github.com/nanux-io/thttp/utils.go:10.76,13.17 2 1
github.com/nanux-io/thttp/utils.go:18.2,20.17 2 1
github.com/nanux-io/thttp/utils.go:26.2,26.8 1 1
github.com/nanux-io/thttp/utils.go:13.17,16.3 2 1
github.com/nanux-io/thttp/utils.go:20.17,24.3 2 1
github.com/nanux-io/thttp/middlewares.go:13.56,14.67 1 1
github.com/nanux-io/thttp/middlewares.go:14.67,17.18 2 1
github.com/nanux-io/thttp/middlewares.go:21.3,21.34 1 1
github.com/nanux-io/thttp/middlewares.go:25.3,25.22 1 1
github.com/nanux-io/thttp/middlewares.go:17.18,19.4 1 0
github.com/nanux-io/thttp/middlewares.go:21.34,23.4 1 1
github.com/nanux-io/thttp/options.go:27.71,28.19 1 1
github.com/nanux-io/thttp/options.go:38.2,38.19 1 1
github.com/nanux-io/thttp/options.go:42.2,42.20 1 1
github.com/nanux-io/thttp/options.go:46.2,46.19 1 1
github.com/nanux-io/thttp/options.go:50.2,50.21 1 1
github.com/nanux-io/thttp/options.go:54.2,54.22 1 1
github.com/nanux-io/thttp/options.go:58.2,58.20 1 1
github.com/nanux-io/thttp/options.go:62.2,62.23 1 1
github.com/nanux-io/thttp/options.go:66.2,66.8 1 1
github.com/nanux-io/thttp/options.go:28.19,36.3 7 1
github.com/nanux-io/thttp/options.go:38.19,40.3 1 1
github.com/nanux-io/thttp/options.go:42.20,44.3 1 1
github.com/nanux-io/thttp/options.go:46.19,48.3 1 1
github.com/nanux-io/thttp/options.go:50.21,52.3 1 1
github.com/nanux-io/thttp/options.go:54.22,56.3 1 1
github.com/nanux-io/thttp/options.go:58.20,60.3 1 1
github.com/nanux-io/thttp/options.go:62.23,64.3 1 1
github.com/nanux-io/thttp/options.go:70.46,75.2 1 1
github.com/nanux-io/thttp/options.go:78.47,83.2 1 1
github.com/nanux-io/thttp/options.go:86.46,91.2 1 1
github.com/nanux-io/thttp/options.go:94.48,99.2 1 1
github.com/nanux-io/thttp/options.go:102.49,107.2 1 1
github.com/nanux-io/thttp/options.go:110.47,115.2 1 1
github.com/nanux-io/thttp/options.go:118.50,123.2 1 1
github.com/nanux-io/thttp/options.go:126.46,131.2 1 1
github.com/nanux-io/thttp/thttp.go:31.41,32.52 1 1
github.com/nanux-io/thttp/thttp.go:103.2,103.39 1 1
github.com/nanux-io/thttp/thttp.go:32.52,41.62 5 1
github.com/nanux-io/thttp/thttp.go:47.3,55.18 3 1
github.com/nanux-io/thttp/thttp.go:62.3,72.17 3 1
github.com/nanux-io/thttp/thttp.go:95.3,95.18 1 1
github.com/nanux-io/thttp/thttp.go:99.3,100.9 2 1
github.com/nanux-io/thttp/thttp.go:41.62,45.4 3 1
github.com/nanux-io/thttp/thttp.go:55.18,59.4 3 1
github.com/nanux-io/thttp/thttp.go:72.17,73.27 1 1
github.com/nanux-io/thttp/thttp.go:79.4,83.19 2 1
github.com/nanux-io/thttp/thttp.go:88.4,90.10 2 1
github.com/nanux-io/thttp/thttp.go:73.27,77.5 3 1
github.com/nanux-io/thttp/thttp.go:83.19,86.5 2 1
github.com/nanux-io/thttp/thttp.go:95.18,97.4 1 1
github.com/nanux-io/thttp/thttp.go:107.43,108.43 1 1
github.com/nanux-io/thttp/thttp.go:112.2,112.8 1 1
github.com/nanux-io/thttp/thttp.go:108.43,110.3 1 0
github.com/nanux-io/thttp/thttp.go:116.75,119.17 2 1
github.com/nanux-io/thttp/thttp.go:126.2,128.17 2 1
github.com/nanux-io/thttp/thttp.go:135.2,137.39 2 1
github.com/nanux-io/thttp/thttp.go:148.2,148.12 1 1
github.com/nanux-io/thttp/thttp.go:119.17,124.3 3 1
github.com/nanux-io/thttp/thttp.go:128.17,133.3 3 1
github.com/nanux-io/thttp/thttp.go:137.39,138.54 1 1
github.com/nanux-io/thttp/thttp.go:145.3,145.40 1 1
github.com/nanux-io/thttp/thttp.go:138.54,143.4 3 1
github.com/nanux-io/thttp/thttp.go:152.78,153.25 1 1
github.com/nanux-io/thttp/thttp.go:160.2,161.12 2 1
github.com/nanux-io/thttp/thttp.go:153.25,158.3 3 1
github.com/nanux-io/thttp/thttp.go:171.50,178.2 1 1
